<?xml version="1.0" encoding="UTF-8"?>
<!-- Generated by org.testng.reporters.JUnitReportReporter -->
<testsuite hostname="HIBACL146119" name="qaclickacademy.Mavenjava.AppiumTest" tests="2" failures="0" timestamp="10 Mar 2021 10:30:41 GMT" time="0.011" errors="0">
  <testcase name="IOSapps" time="0.010" classname="qaclickacademy.Mavenjava.AppiumTest"/>
  <testcase name="nativeAppAndroid" time="0.001" classname="qaclickacademy.Mavenjava.AppiumTest"/>
</testsuite> <!-- qaclickacademy.Mavenjava.AppiumTest -->
