<?xml version="1.0" encoding="UTF-8"?>
<!-- Generated by org.testng.reporters.JUnitReportReporter -->
<testsuite skipped="0" hostname="HIBACL146119" name="qaclickacademy.Mavenjava.SeleniumTest" tests="2" failures="0" timestamp="10 Mar 2021 11:16:10 GMT" time="0.008" errors="0">
  <testcase name="BrowserAutomation" time="0.007" classname="qaclickacademy.Mavenjava.SeleniumTest"/>
  <testcase name="elementsUI" time="0.001" classname="qaclickacademy.Mavenjava.SeleniumTest"/>
</testsuite> <!-- qaclickacademy.Mavenjava.SeleniumTest -->
